0 info it worked if it ends with ok
1 verbose cli [ '/usr/local/bin/node',
1 verbose cli   '/usr/local/bin/npm',
1 verbose cli   'install',
1 verbose cli   '--save-dev',
1 verbose cli   'babel-cli',
1 verbose cli   'babel-present-env' ]
2 info using npm@3.10.10
3 info using node@v6.11.1
4 silly loadCurrentTree Starting
5 silly install loadCurrentTree
6 silly install readLocalPackageData
7 silly fetchPackageMetaData babel-cli
8 silly fetchPackageMetaData babel-present-env
9 silly fetchNamedPackageData babel-cli
10 silly mapToRegistry name babel-cli
11 silly mapToRegistry using default registry
12 silly mapToRegistry registry https://registry.npmjs.org/
13 silly mapToRegistry data Result {
13 silly mapToRegistry   raw: 'babel-cli',
13 silly mapToRegistry   scope: null,
13 silly mapToRegistry   escapedName: 'babel-cli',
13 silly mapToRegistry   name: 'babel-cli',
13 silly mapToRegistry   rawSpec: '',
13 silly mapToRegistry   spec: 'latest',
13 silly mapToRegistry   type: 'tag' }
14 silly mapToRegistry uri https://registry.npmjs.org/babel-cli
15 silly fetchNamedPackageData babel-present-env
16 silly mapToRegistry name babel-present-env
17 silly mapToRegistry using default registry
18 silly mapToRegistry registry https://registry.npmjs.org/
19 silly mapToRegistry data Result {
19 silly mapToRegistry   raw: 'babel-present-env',
19 silly mapToRegistry   scope: null,
19 silly mapToRegistry   escapedName: 'babel-present-env',
19 silly mapToRegistry   name: 'babel-present-env',
19 silly mapToRegistry   rawSpec: '',
19 silly mapToRegistry   spec: 'latest',
19 silly mapToRegistry   type: 'tag' }
20 silly mapToRegistry uri https://registry.npmjs.org/babel-present-env
21 verbose request uri https://registry.npmjs.org/babel-cli
22 verbose request no auth needed
23 info attempt registry request try #1 at 1:06:46 PM
24 verbose request id 8775f27285c75019
25 http request GET https://registry.npmjs.org/babel-cli
26 verbose request uri https://registry.npmjs.org/babel-present-env
27 verbose request no auth needed
28 info attempt registry request try #1 at 1:06:47 PM
29 http request GET https://registry.npmjs.org/babel-present-env
30 http 200 https://registry.npmjs.org/babel-cli
31 verbose headers { 'content-type': 'application/json; charset=UTF-8',
31 verbose headers   server: 'UploadServer',
31 verbose headers   'cache-control': 'max-age=300',
31 verbose headers   'last-modified': 'Fri, 22 Dec 2017 22:27:06 GMT',
31 verbose headers   etag: '"5a3d86ba-201f0"',
31 verbose headers   'content-encoding': 'gzip',
31 verbose headers   'content-length': '10498',
31 verbose headers   'accept-ranges': 'bytes',
31 verbose headers   date: 'Thu, 25 Jan 2018 13:06:47 GMT',
31 verbose headers   via: '1.1 varnish',
31 verbose headers   age: '8065',
31 verbose headers   connection: 'keep-alive',
31 verbose headers   'x-served-by': 'cache-lcy19230-LCY',
31 verbose headers   'x-cache': 'HIT',
31 verbose headers   'x-cache-hits': '26',
31 verbose headers   'x-timer': 'S1516885607.049091,VS0,VE0',
31 verbose headers   vary: 'Accept-Encoding, Accept' }
32 silly get cb [ 200,
32 silly get   { 'content-type': 'application/json; charset=UTF-8',
32 silly get     server: 'UploadServer',
32 silly get     'cache-control': 'max-age=300',
32 silly get     'last-modified': 'Fri, 22 Dec 2017 22:27:06 GMT',
32 silly get     etag: '"5a3d86ba-201f0"',
32 silly get     'content-encoding': 'gzip',
32 silly get     'content-length': '10498',
32 silly get     'accept-ranges': 'bytes',
32 silly get     date: 'Thu, 25 Jan 2018 13:06:47 GMT',
32 silly get     via: '1.1 varnish',
32 silly get     age: '8065',
32 silly get     connection: 'keep-alive',
32 silly get     'x-served-by': 'cache-lcy19230-LCY',
32 silly get     'x-cache': 'HIT',
32 silly get     'x-cache-hits': '26',
32 silly get     'x-timer': 'S1516885607.049091,VS0,VE0',
32 silly get     vary: 'Accept-Encoding, Accept' } ]
33 verbose get saving babel-cli to /Users/jamesbaker/.npm/registry.npmjs.org/babel-cli/.cache.json
34 verbose correctMkdir /Users/jamesbaker/.npm correctMkdir not in flight; initializing
35 http 404 https://registry.npmjs.org/babel-present-env
36 verbose headers { 'content-type': 'application/json',
36 verbose headers   'cache-control': 'max-age=0',
36 verbose headers   'content-length': '2',
36 verbose headers   'accept-ranges': 'bytes',
36 verbose headers   date: 'Thu, 25 Jan 2018 13:06:47 GMT',
36 verbose headers   via: '1.1 varnish',
36 verbose headers   connection: 'keep-alive',
36 verbose headers   'x-served-by': 'cache-lcy19251-LCY',
36 verbose headers   'x-cache': 'MISS',
36 verbose headers   'x-cache-hits': '0',
36 verbose headers   'x-timer': 'S1516885607.047970,VS0,VE577',
36 verbose headers   vary: 'Accept-Encoding' }
37 silly get cb [ 404,
37 silly get   { 'content-type': 'application/json',
37 silly get     'cache-control': 'max-age=0',
37 silly get     'content-length': '2',
37 silly get     'accept-ranges': 'bytes',
37 silly get     date: 'Thu, 25 Jan 2018 13:06:47 GMT',
37 silly get     via: '1.1 varnish',
37 silly get     connection: 'keep-alive',
37 silly get     'x-served-by': 'cache-lcy19251-LCY',
37 silly get     'x-cache': 'MISS',
37 silly get     'x-cache-hits': '0',
37 silly get     'x-timer': 'S1516885607.047970,VS0,VE577',
37 silly get     vary: 'Accept-Encoding' } ]
38 silly fetchPackageMetaData Error: Registry returned 404 for GET on https://registry.npmjs.org/babel-present-env
38 silly fetchPackageMetaData     at makeError (/usr/local/lib/node_modules/npm/node_modules/npm-registry-client/lib/request.js:302:12)
38 silly fetchPackageMetaData     at CachingRegistryClient.<anonymous> (/usr/local/lib/node_modules/npm/node_modules/npm-registry-client/lib/request.js:280:14)
38 silly fetchPackageMetaData     at Request._callback (/usr/local/lib/node_modules/npm/node_modules/npm-registry-client/lib/request.js:210:14)
38 silly fetchPackageMetaData     at Request.self.callback (/usr/local/lib/node_modules/npm/node_modules/request/request.js:187:22)
38 silly fetchPackageMetaData     at emitTwo (events.js:106:13)
38 silly fetchPackageMetaData     at Request.emit (events.js:191:7)
38 silly fetchPackageMetaData     at Request.<anonymous> (/usr/local/lib/node_modules/npm/node_modules/request/request.js:1048:10)
38 silly fetchPackageMetaData     at emitOne (events.js:96:13)
38 silly fetchPackageMetaData     at Request.emit (events.js:188:7)
38 silly fetchPackageMetaData     at IncomingMessage.<anonymous> (/usr/local/lib/node_modules/npm/node_modules/request/request.js:969:12)
38 silly fetchPackageMetaData  error for babel-present-env { Error: Registry returned 404 for GET on https://registry.npmjs.org/babel-present-env
38 silly fetchPackageMetaData     at makeError (/usr/local/lib/node_modules/npm/node_modules/npm-registry-client/lib/request.js:302:12)
38 silly fetchPackageMetaData     at CachingRegistryClient.<anonymous> (/usr/local/lib/node_modules/npm/node_modules/npm-registry-client/lib/request.js:280:14)
38 silly fetchPackageMetaData     at Request._callback (/usr/local/lib/node_modules/npm/node_modules/npm-registry-client/lib/request.js:210:14)
38 silly fetchPackageMetaData     at Request.self.callback (/usr/local/lib/node_modules/npm/node_modules/request/request.js:187:22)
38 silly fetchPackageMetaData     at emitTwo (events.js:106:13)
38 silly fetchPackageMetaData     at Request.emit (events.js:191:7)
38 silly fetchPackageMetaData     at Request.<anonymous> (/usr/local/lib/node_modules/npm/node_modules/request/request.js:1048:10)
38 silly fetchPackageMetaData     at emitOne (events.js:96:13)
38 silly fetchPackageMetaData     at Request.emit (events.js:188:7)
38 silly fetchPackageMetaData     at IncomingMessage.<anonymous> (/usr/local/lib/node_modules/npm/node_modules/request/request.js:969:12) pkgid: 'babel-present-env', statusCode: 404, code: 'E404' }
39 silly rollbackFailedOptional Starting
40 silly rollbackFailedOptional Finishing
41 silly runTopLevelLifecycles Finishing
42 silly install printInstalled
43 verbose stack Error: Registry returned 404 for GET on https://registry.npmjs.org/babel-present-env
43 verbose stack     at makeError (/usr/local/lib/node_modules/npm/node_modules/npm-registry-client/lib/request.js:302:12)
43 verbose stack     at CachingRegistryClient.<anonymous> (/usr/local/lib/node_modules/npm/node_modules/npm-registry-client/lib/request.js:280:14)
43 verbose stack     at Request._callback (/usr/local/lib/node_modules/npm/node_modules/npm-registry-client/lib/request.js:210:14)
43 verbose stack     at Request.self.callback (/usr/local/lib/node_modules/npm/node_modules/request/request.js:187:22)
43 verbose stack     at emitTwo (events.js:106:13)
43 verbose stack     at Request.emit (events.js:191:7)
43 verbose stack     at Request.<anonymous> (/usr/local/lib/node_modules/npm/node_modules/request/request.js:1048:10)
43 verbose stack     at emitOne (events.js:96:13)
43 verbose stack     at Request.emit (events.js:188:7)
43 verbose stack     at IncomingMessage.<anonymous> (/usr/local/lib/node_modules/npm/node_modules/request/request.js:969:12)
44 verbose statusCode 404
45 verbose pkgid babel-present-env
46 verbose cwd /Users/jamesbaker/Documents/Projects/firehoseReact
47 error Darwin 17.3.0
48 error argv "/usr/local/bin/node" "/usr/local/bin/npm" "install" "--save-dev" "babel-cli" "babel-present-env"
49 error node v6.11.1
50 error npm  v3.10.10
51 error code E404
52 error 404 Registry returned 404 for GET on https://registry.npmjs.org/babel-present-env
53 error 404
54 error 404 'babel-present-env' is not in the npm registry.
55 error 404 You should bug the author to publish it (or use the name yourself!)
56 error 404 Note that you can also install from a
57 error 404 tarball, folder, http url, or git url.
58 verbose exit [ 1, true ]
